Using pre-set license
Built from '2020.3/release' branch; Version is '2020.3.27f1 (e759542391ea) revision 15161684'; Using compiler version '192528614'; Build Type 'Release'
OS: 'Windows 10  (10.0.19044) 64bit Core' Language: 'en' Physical Memory: 16268 MB
BatchMode: 1, IsHumanControllingUs: 0, StartBugReporterOnCrash: 0, Is64bit: 1, IsPro: 0

COMMAND LINE ARGUMENTS:
D:\UnityHub\Unity Editor\2020.3.27f1\Editor\Unity.exe
-adb2
-batchMode
-noUpm
-name
AssetImportWorker0
-projectPath
D:/Unity Projects/s22_proj_2a_nguyen_jasmine
-logFile
Logs/AssetImportWorker0.log
-srvPort
49523
Successfully changed project path to: D:/Unity Projects/s22_proj_2a_nguyen_jasmine
D:/Unity Projects/s22_proj_2a_nguyen_jasmine
Using Asset Import Pipeline V2.
Refreshing native plugins compatible for Editor in 53.45 ms, found 3 plugins.
Preloading 0 native plugins for Editor in 0.00 ms.
Initialize engine version: 2020.3.27f1 (e759542391ea)
[Subsystems] Discovering subsystems at path D:/UnityHub/Unity Editor/2020.3.27f1/Editor/Data/Resources/UnitySubsystems
[Subsystems] Discovering subsystems at path D:/Unity Projects/s22_proj_2a_nguyen_jasmine/Assets
GfxDevice: creating device client; threaded=0
Direct3D:
    Version:  Direct3D 11.0 [level 11.1]
    Renderer: NVIDIA GeForce GTX 1060 (ID=0x1c20)
    Vendor:   
    VRAM:     6052 MB
    Driver:   27.21.14.5148
Initialize mono
Mono path[0] = 'D:/UnityHub/Unity Editor/2020.3.27f1/Editor/Data/Managed'
Mono path[1] = 'D:/UnityHub/Unity Editor/2020.3.27f1/Editor/Data/MonoBleedingEdge/lib/mono/unityjit'
Mono config path = 'D:/UnityHub/Unity Editor/2020.3.27f1/Editor/Data/MonoBleedingEdge/etc'
Using monoOptions --debugger-agent=transport=dt_socket,embedding=1,server=y,suspend=n,address=127.0.0.1:56876
Begin MonoManager ReloadAssembly
Registering precompiled unity dll's ...
Register platform support module: D:/UnityHub/Unity Editor/2020.3.27f1/Editor/Data/PlaybackEngines/WebGLSupport/UnityEditor.WebGL.Extensions.dll
Register platform support module: D:/UnityHub/Unity Editor/2020.3.27f1/Editor/Data/PlaybackEngines/WindowsStandaloneSupport/UnityEditor.WindowsStandalone.Extensions.dll
Register platform support module: D:/UnityHub/Unity Editor/2020.3.27f1/Editor/Data/PlaybackEngines/LinuxStandaloneSupport/UnityEditor.LinuxStandalone.Extensions.dll
Registered in 0.001788 seconds.
Native extension for LinuxStandalone target not found
Native extension for WindowsStandalone target not found
Native extension for WebGL target not found
Refreshing native plugins compatible for Editor in 56.70 ms, found 3 plugins.
Preloading 0 native plugins for Editor in 0.00 ms.
Mono: successfully reloaded assembly
- Completed reload, in  0.684 seconds
Domain Reload Profiling:
	ReloadAssembly (684ms)
		BeginReloadAssembly (65ms)
			ExecutionOrderSort (0ms)
			DisableScriptedObjects (0ms)
			BackupInstance (0ms)
			ReleaseScriptingObjects (0ms)
			CreateAndSetChildDomain (1ms)
		EndReloadAssembly (541ms)
			LoadAssemblies (65ms)
			RebuildTransferFunctionScriptingTraits (0ms)
			SetupTypeCache (188ms)
			ReleaseScriptCaches (0ms)
			RebuildScriptCaches (37ms)
			SetupLoadedEditorAssemblies (203ms)
				LogAssemblyErrors (0ms)
				InitializePlatformSupportModulesInManaged (6ms)
				SetLoadedEditorAssemblies (0ms)
				RefreshPlugins (57ms)
				BeforeProcessingInitializeOnLoad (18ms)
				ProcessInitializeOnLoadAttributes (91ms)
				ProcessInitializeOnLoadMethodAttributes (31ms)
				AfterProcessingInitializeOnLoad (0ms)
				EditorAssembliesLoaded (0ms)
			ExecutionOrderSort2 (0ms)
			AwakeInstancesAfterBackupRestoration (0ms)
Platform modules already initialized, skipping
Registering precompiled user dll's ...
Registered in 0.004151 seconds.
Begin MonoManager ReloadAssembly
Native extension for LinuxStandalone target not found
Native extension for WindowsStandalone target not found
Native extension for WebGL target not found
Refreshing native plugins compatible for Editor in 52.42 ms, found 3 plugins.
Preloading 0 native plugins for Editor in 0.00 ms.
Mono: successfully reloaded assembly
- Completed reload, in  1.267 seconds
Domain Reload Profiling:
	ReloadAssembly (1268ms)
		BeginReloadAssembly (169ms)
			ExecutionOrderSort (0ms)
			DisableScriptedObjects (6ms)
			BackupInstance (0ms)
			ReleaseScriptingObjects (0ms)
			CreateAndSetChildDomain (22ms)
		EndReloadAssembly (1034ms)
			LoadAssemblies (103ms)
			RebuildTransferFunctionScriptingTraits (0ms)
			SetupTypeCache (350ms)
			ReleaseScriptCaches (1ms)
			RebuildScriptCaches (56ms)
			SetupLoadedEditorAssemblies (391ms)
				LogAssemblyErrors (0ms)
				InitializePlatformSupportModulesInManaged (6ms)
				SetLoadedEditorAssemblies (0ms)
				RefreshPlugins (52ms)
				BeforeProcessingInitializeOnLoad (93ms)
				ProcessInitializeOnLoadAttributes (219ms)
				ProcessInitializeOnLoadMethodAttributes (18ms)
				AfterProcessingInitializeOnLoad (3ms)
				EditorAssembliesLoaded (0ms)
			ExecutionOrderSort2 (0ms)
			AwakeInstancesAfterBackupRestoration (7ms)
Platform modules already initialized, skipping
========================================================================
Worker process is ready to serve import requests
Launched and connected shader compiler UnityShaderCompiler.exe after 0.09 seconds
Refreshing native plugins compatible for Editor in 0.62 ms, found 3 plugins.
Preloading 0 native plugins for Editor in 0.00 ms.
Unloading 2201 Unused Serialized files (Serialized files now loaded: 0)
System memory in use before: 96.4 MB.
System memory in use after: 96.4 MB.

Unloading 33 unused Assets to reduce memory usage. Loaded Objects now: 2634.
Total: 3.553300 ms (FindLiveObjects: 0.221300 ms CreateObjectMapping: 0.110200 ms MarkObjects: 3.028000 ms  DeleteObjects: 0.192600 ms)

AssetImportParameters requested are different than current active one (requested -> active):
  custom:framework-win-MediaFoundation: 216162199b28c13a410421893ffa2e32 -> 
  custom:video-decoder-ogg-theora: a1e56fd34408186e4bbccfd4996cb3dc -> 
  custom:container-muxer-webm: aa71ff27fc2769a1b78a27578f13a17b -> 
  custom:container-demuxer-webm: 4f35f7cbe854078d1ac9338744f61a02 -> 
  custom:container-demuxer-ogg: 62fdf1f143b41e24485cea50d1cbac27 -> 
  custom:video-encoder-webm-vp8: eb34c28f22e8b96e1ab97ce403110664 -> 
  custom:video-decoder-webm-vp8: 9c59270c3fd7afecdb556c50c9e8de78 -> 
  custom:audio-decoder-ogg-vorbis: bf7c407c2cedff20999df2af8eb42d56 -> 
  custom:audio-encoder-webm-vorbis: bf7c407c2cedff20999df2af8eb42d56 -> 
========================================================================
Received Import Request.
  path: Assets/Art/Sprites/Map/base_out_atlas.png
  artifactKey: Guid(9bea18e408bdf654aaf3883b4b95441c) Importer(815301076,1909f56bfc062723c751e8b465ee728b)
Start importing Assets/Art/Sprites/Map/base_out_atlas.png using Guid(9bea18e408bdf654aaf3883b4b95441c) Importer(815301076,1909f56bfc062723c751e8b465ee728b)  -> (artifact id: '663819d569ec583cd8bb444139dbad9e') in 0.145827 seconds 
  Import took 0.149819 seconds .

========================================================================
Received Import Request.
  Time since last request: 0.000476 seconds.
  path: Assets/Art/Sprites/Map/terrain_atlas.png
  artifactKey: Guid(14c2fa58614db9a478f8c448cf6898a6) Importer(815301076,1909f56bfc062723c751e8b465ee728b)
Start importing Assets/Art/Sprites/Map/terrain_atlas.png using Guid(14c2fa58614db9a478f8c448cf6898a6) Importer(815301076,1909f56bfc062723c751e8b465ee728b)  -> (artifact id: 'b249b155153426098997f625f10cc230') in 0.050227 seconds 
  Import took 0.054462 seconds .

========================================================================
Received Import Request.
  Time since last request: 0.000380 seconds.
  path: Assets/Art/Sprites/Map/sheet.png
  artifactKey: Guid(2edf28be173e9c24f8f6640c5d655dde) Importer(815301076,1909f56bfc062723c751e8b465ee728b)
Start importing Assets/Art/Sprites/Map/sheet.png using Guid(2edf28be173e9c24f8f6640c5d655dde) Importer(815301076,1909f56bfc062723c751e8b465ee728b)  -> (artifact id: 'a482116ad6ab14b9e7660913860045a6') in 0.018076 seconds 
  Import took 0.022702 seconds .

========================================================================
Received Import Request.
  Time since last request: 56.828673 seconds.
  path: Assets/Art/Sprites/Map/terrain_atlas.png
  artifactKey: Guid(14c2fa58614db9a478f8c448cf6898a6) Importer(815301076,1909f56bfc062723c751e8b465ee728b)
Start importing Assets/Art/Sprites/Map/terrain_atlas.png using Guid(14c2fa58614db9a478f8c448cf6898a6) Importer(815301076,1909f56bfc062723c751e8b465ee728b)  -> (artifact id: 'b422a3eb7d4a82d3af37030435fab07d') in 0.047367 seconds 
  Import took 0.051848 seconds .

========================================================================
Received Import Request.
  Time since last request: 58.615397 seconds.
  path: Assets/Art/Sprites/Map/terrain_atlas.png
  artifactKey: Guid(14c2fa58614db9a478f8c448cf6898a6) Importer(815301076,1909f56bfc062723c751e8b465ee728b)
Start importing Assets/Art/Sprites/Map/terrain_atlas.png using Guid(14c2fa58614db9a478f8c448cf6898a6) Importer(815301076,1909f56bfc062723c751e8b465ee728b)  -> (artifact id: '5681a043838101cc07675228fa1672c8') in 3.318383 seconds 
  Import took 3.328614 seconds .

========================================================================
Received Import Request.
  Time since last request: 131.823509 seconds.
  path: Assets/Art/Sprites/Map/sheet.png
  artifactKey: Guid(2edf28be173e9c24f8f6640c5d655dde) Importer(815301076,1909f56bfc062723c751e8b465ee728b)
Start importing Assets/Art/Sprites/Map/sheet.png using Guid(2edf28be173e9c24f8f6640c5d655dde) Importer(815301076,1909f56bfc062723c751e8b465ee728b)  -> (artifact id: 'd278955d986e9badc314cc15ba57e5a5') in 0.018722 seconds 
  Import took 0.023573 seconds .

========================================================================
Received Import Request.
  Time since last request: 40.834334 seconds.
  path: Assets/Art/Sprites/Map/sheet.png
  artifactKey: Guid(2edf28be173e9c24f8f6640c5d655dde) Importer(815301076,1909f56bfc062723c751e8b465ee728b)
Start importing Assets/Art/Sprites/Map/sheet.png using Guid(2edf28be173e9c24f8f6640c5d655dde) Importer(815301076,1909f56bfc062723c751e8b465ee728b)  -> (artifact id: '843c291f7bd4f328080f1aaf621bd02a') in 0.916435 seconds 
  Import took 0.921937 seconds .

========================================================================
Received Import Request.
  Time since last request: 493.048943 seconds.
  path: Assets/Art/Sprites/Map/sheet.png
  artifactKey: Guid(2edf28be173e9c24f8f6640c5d655dde) Importer(815301076,1909f56bfc062723c751e8b465ee728b)
Start importing Assets/Art/Sprites/Map/sheet.png using Guid(2edf28be173e9c24f8f6640c5d655dde) Importer(815301076,1909f56bfc062723c751e8b465ee728b)  -> (artifact id: 'f33cc599c2cb9257353b879a83bae420') in 0.787895 seconds 
  Import took 0.794828 seconds .

AssetImportWorkerClient::OnTransportError - code=2 error=End of file
